<?xml version="1.0" encoding="UTF-8"?>
<coverage generated="1700061960130" clover="3.2.0">
  <project timestamp="1700061960130" name="All files">
    <metrics statements="95" coveredstatements="93" conditionals="19" coveredconditionals="16" methods="15" coveredmethods="15" elements="129" coveredelements="124" complexity="0" loc="95" ncloc="95" packages="2" files="4" classes="4"/>
    <package name="src">
      <metrics statements="53" coveredstatements="52" conditionals="7" coveredconditionals="6" methods="6" coveredmethods="6"/>
      <file name="app.ts" path="C:\Users\taflur\Desktop\Tictactrip\tictactripexo\src\app.ts">
        <metrics statements="29" coveredstatements="28" conditionals="6" coveredconditionals="5" methods="3" coveredmethods="3"/>
        <line num="1" count="1" type="stmt"/>
        <line num="2" count="1" type="stmt"/>
        <line num="3" count="1" type="stmt"/>
        <line num="4" count="1" type="stmt"/>
        <line num="5" count="1" type="stmt"/>
        <line num="6" count="1" type="stmt"/>
        <line num="7" count="1" type="stmt"/>
        <line num="9" count="1" type="stmt"/>
        <line num="11" count="1" type="stmt"/>
        <line num="13" count="1" type="stmt"/>
        <line num="45" count="1" type="stmt"/>
        <line num="46" count="4" type="stmt"/>
        <line num="48" count="4" type="cond" truecount="1" falsecount="0"/>
        <line num="49" count="1" type="stmt"/>
        <line num="52" count="3" type="stmt"/>
        <line num="54" count="3" type="cond" truecount="1" falsecount="1"/>
        <line num="55" count="3" type="stmt"/>
        <line num="57" count="0" type="stmt"/>
        <line num="101" count="1" type="stmt"/>
        <line num="102" count="2" type="stmt"/>
        <line num="103" count="2" type="stmt"/>
        <line num="105" count="2" type="cond" truecount="3" falsecount="0"/>
        <line num="106" count="1" type="stmt"/>
        <line num="109" count="1" type="stmt"/>
        <line num="111" count="1" type="stmt"/>
        <line num="112" count="1" type="stmt"/>
        <line num="114" count="1" type="stmt"/>
        <line num="115" count="1" type="stmt"/>
        <line num="120" count="1" type="stmt"/>
      </file>
      <file name="justifyText.ts" path="C:\Users\taflur\Desktop\Tictactrip\tictactripexo\src\justifyText.ts">
        <metrics statements="24" coveredstatements="24" conditionals="1" coveredconditionals="1" methods="3" coveredmethods="3"/>
        <line num="1" count="2" type="stmt"/>
        <line num="3" count="2" type="stmt"/>
        <line num="4" count="2" type="stmt"/>
        <line num="5" count="2" type="stmt"/>
        <line num="6" count="2" type="stmt"/>
        <line num="9" count="2" type="stmt"/>
        <line num="10" count="3" type="stmt"/>
        <line num="11" count="3" type="stmt"/>
        <line num="12" count="3" type="stmt"/>
        <line num="13" count="3" type="stmt"/>
        <line num="15" count="1520" type="stmt"/>
        <line num="16" count="1520" type="cond" truecount="1" falsecount="0"/>
        <line num="17" count="152" type="stmt"/>
        <line num="19" count="152" type="stmt"/>
        <line num="20" count="1762" type="stmt"/>
        <line num="21" count="1762" type="stmt"/>
        <line num="24" count="152" type="stmt"/>
        <line num="25" count="152" type="stmt"/>
        <line num="26" count="152" type="stmt"/>
        <line num="29" count="1520" type="stmt"/>
        <line num="30" count="1520" type="stmt"/>
        <line num="33" count="3" type="stmt"/>
        <line num="34" count="3" type="stmt"/>
        <line num="36" count="3" type="stmt"/>
      </file>
    </package>
    <package name="src.middleware">
      <metrics statements="42" coveredstatements="41" conditionals="12" coveredconditionals="10" methods="9" coveredmethods="9"/>
      <file name="auth.ts" path="C:\Users\taflur\Desktop\Tictactrip\tictactripexo\src\middleware\auth.ts">
        <metrics statements="26" coveredstatements="25" conditionals="7" coveredconditionals="5" methods="3" coveredmethods="3"/>
        <line num="2" count="2" type="stmt"/>
        <line num="3" count="2" type="stmt"/>
        <line num="5" count="2" type="stmt"/>
        <line num="7" count="2" type="cond" truecount="1" falsecount="1"/>
        <line num="9" count="2" type="stmt"/>
        <line num="10" count="4" type="stmt"/>
        <line num="12" count="4" type="cond" truecount="0" falsecount="1"/>
        <line num="13" count="0" type="stmt"/>
        <line num="15" count="4" type="stmt"/>
        <line num="18" count="2" type="stmt"/>
        <line num="19" count="6" type="stmt"/>
        <line num="21" count="6" type="cond" truecount="1" falsecount="0"/>
        <line num="22" count="1" type="stmt"/>
        <line num="23" count="1" type="stmt"/>
        <line num="24" count="1" type="stmt"/>
        <line num="27" count="5" type="stmt"/>
        <line num="28" count="5" type="cond" truecount="1" falsecount="0"/>
        <line num="29" count="2" type="cond" truecount="2" falsecount="0"/>
        <line num="30" count="1" type="stmt"/>
        <line num="31" count="1" type="stmt"/>
        <line num="32" count="1" type="stmt"/>
        <line num="34" count="1" type="stmt"/>
        <line num="35" count="1" type="stmt"/>
        <line num="36" count="1" type="stmt"/>
        <line num="40" count="3" type="stmt"/>
        <line num="41" count="3" type="stmt"/>
      </file>
      <file name="ratelimit.ts" path="C:\Users\taflur\Desktop\Tictactrip\tictactripexo\src\middleware\ratelimit.ts">
        <metrics statements="16" coveredstatements="16" conditionals="5" coveredconditionals="5" methods="6" coveredmethods="6"/>
        <line num="3" count="2" type="stmt"/>
        <line num="9" count="2" type="stmt"/>
        <line num="11" count="4" type="stmt"/>
        <line num="16" count="5" type="stmt"/>
        <line num="19" count="5" type="stmt"/>
        <line num="20" count="5" type="cond" truecount="2" falsecount="0"/>
        <line num="21" count="5" type="cond" truecount="1" falsecount="0"/>
        <line num="22" count="1" type="stmt"/>
        <line num="23" count="1" type="stmt"/>
        <line num="24" count="1" type="stmt"/>
        <line num="27" count="4" type="stmt"/>
        <line num="28" count="4" type="cond" truecount="2" falsecount="0"/>
        <line num="29" count="1" type="stmt"/>
        <line num="31" count="3" type="stmt"/>
        <line num="34" count="4" type="stmt"/>
        <line num="38" count="801420" type="stmt"/>
      </file>
    </package>
  </project>
</coverage>
