TN:
SF:src\app.ts
FN:45,(anonymous_1)
FN:101,(anonymous_2)
FN:111,(anonymous_3)
FNF:3
FNH:3
FNDA:4,(anonymous_1)
FNDA:2,(anonymous_2)
FNDA:1,(anonymous_3)
DA:1,1
DA:2,1
DA:3,1
DA:4,1
DA:5,1
DA:6,1
DA:7,1
DA:9,1
DA:11,1
DA:13,1
DA:45,1
DA:46,4
DA:48,4
DA:49,1
DA:52,3
DA:54,3
DA:55,3
DA:57,0
DA:101,1
DA:102,2
DA:103,2
DA:105,2
DA:106,1
DA:109,1
DA:111,1
DA:112,1
DA:114,1
DA:115,1
DA:120,1
LF:29
LH:28
BRDA:48,0,0,1
BRDA:54,1,0,3
BRDA:54,1,1,0
BRDA:105,2,0,1
BRDA:105,3,0,2
BRDA:105,3,1,1
BRF:6
BRH:5
end_of_record
TN:
SF:src\justifyText.ts
FN:3,justify
FN:5,(anonymous_1)
FN:9,justifyLine
FNF:3
FNH:3
FNDA:2,justify
FNDA:2,(anonymous_1)
FNDA:3,justifyLine
DA:1,2
DA:3,2
DA:4,2
DA:5,2
DA:6,2
DA:9,2
DA:10,3
DA:11,3
DA:12,3
DA:13,3
DA:15,1520
DA:16,1520
DA:17,152
DA:19,152
DA:20,1762
DA:21,1762
DA:24,152
DA:25,152
DA:26,152
DA:29,1520
DA:30,1520
DA:33,3
DA:34,3
DA:36,3
LF:24
LH:24
BRDA:16,0,0,152
BRF:1
BRH:1
end_of_record
TN:
SF:src\middleware\auth.ts
FN:9,generateToken
FN:18,authenticateToken
FN:27,(anonymous_3)
FNF:3
FNH:3
FNDA:4,generateToken
FNDA:6,authenticateToken
FNDA:5,(anonymous_3)
DA:2,2
DA:3,2
DA:5,2
DA:7,2
DA:9,2
DA:10,4
DA:12,4
DA:13,0
DA:15,4
DA:18,2
DA:19,6
DA:21,6
DA:22,1
DA:23,1
DA:24,1
DA:27,5
DA:28,5
DA:29,2
DA:30,1
DA:31,1
DA:32,1
DA:34,1
DA:35,1
DA:36,1
DA:40,3
DA:41,3
LF:26
LH:25
BRDA:7,0,0,2
BRDA:7,0,1,0
BRDA:12,1,0,0
BRDA:21,2,0,1
BRDA:28,3,0,2
BRDA:29,4,0,1
BRDA:29,4,1,1
BRF:7
BRH:5
end_of_record
TN:
SF:src\middleware\ratelimit.ts
FN:11,(anonymous_0)
FN:11,(anonymous_1)
FN:16,(anonymous_2)
FN:27,(anonymous_3)
FN:37,countWords
FN:38,(anonymous_5)
FNF:6
FNH:6
FNDA:4,(anonymous_0)
FNDA:5,(anonymous_1)
FNDA:4,(anonymous_2)
FNDA:3,(anonymous_3)
FNDA:5,countWords
FNDA:801420,(anonymous_5)
DA:3,2
DA:9,2
DA:11,4
DA:16,5
DA:19,5
DA:20,5
DA:21,5
DA:22,1
DA:23,1
DA:24,1
DA:27,4
DA:28,4
DA:29,1
DA:31,3
DA:34,4
DA:38,801420
LF:16
LH:16
BRDA:20,0,0,1
BRDA:20,0,1,4
BRDA:21,1,0,1
BRDA:28,2,0,1
BRDA:28,2,1,3
BRF:5
BRH:5
end_of_record
